[17-Jan-2016 15:21:21 America/Denver] PHP Notice:  Undefined index: bn_save in /var/www/openemrTest/interface/forms/fee_sheet/new.php on line 460
[17-Jan-2016 15:21:21 America/Denver] PHP Notice:  Undefined index: bn_save_close in /var/www/openemrTest/interface/forms/fee_sheet/new.php on line 460
[17-Jan-2016 15:21:21 America/Denver] PHP Notice:  Undefined index: bill in /var/www/openemrTest/interface/forms/fee_sheet/new.php on line 700
[17-Jan-2016 15:21:21 America/Denver] PHP Notice:  Undefined index: newcodes in /var/www/openemrTest/interface/forms/fee_sheet/new.php on line 707
[17-Jan-2016 15:21:21 America/Denver] PHP Notice:  Undefined index: search_type in /var/www/openemrTest/interface/forms/fee_sheet/new.php on line 908
[17-Jan-2016 15:21:21 America/Denver] PHP Notice:  Undefined index: bn_search in /var/www/openemrTest/interface/forms/fee_sheet/new.php on line 920
[17-Jan-2016 15:21:21 America/Denver] PHP Notice:  Undefined index: bill in /var/www/openemrTest/interface/forms/fee_sheet/new.php on line 1083
[17-Jan-2016 15:21:21 America/Denver] PHP Notice:  Undefined index: prod in /var/www/openemrTest/interface/forms/fee_sheet/new.php on line 1138
[17-Jan-2016 15:21:21 America/Denver] PHP Notice:  Undefined index: newcodes in /var/www/openemrTest/interface/forms/fee_sheet/new.php on line 1151
[17-Jan-2016 15:21:21 America/Denver] PHP Notice:  Undefined index: UCSMC in /var/www/openemrTest/interface/forms/fee_sheet/new.php on line 1308
[22-Jan-2016 17:27:48 America/Denver] PHP Notice:  Undefined index: bn_save in /var/www/openemrTest/interface/forms/fee_sheet/new.php on line 460
[22-Jan-2016 17:27:48 America/Denver] PHP Notice:  Undefined index: bn_save_close in /var/www/openemrTest/interface/forms/fee_sheet/new.php on line 460
[22-Jan-2016 17:27:48 America/Denver] PHP Notice:  Undefined index: bill in /var/www/openemrTest/interface/forms/fee_sheet/new.php on line 700
[22-Jan-2016 17:27:48 America/Denver] PHP Notice:  Undefined index: newcodes in /var/www/openemrTest/interface/forms/fee_sheet/new.php on line 707
[22-Jan-2016 17:27:48 America/Denver] PHP Notice:  Undefined index: search_type in /var/www/openemrTest/interface/forms/fee_sheet/new.php on line 908
[22-Jan-2016 17:27:48 America/Denver] PHP Notice:  Undefined index: bn_search in /var/www/openemrTest/interface/forms/fee_sheet/new.php on line 920
[22-Jan-2016 17:27:48 America/Denver] PHP Notice:  Undefined index: bill in /var/www/openemrTest/interface/forms/fee_sheet/new.php on line 1083
[22-Jan-2016 17:27:48 America/Denver] PHP Notice:  Undefined index: prod in /var/www/openemrTest/interface/forms/fee_sheet/new.php on line 1138
[22-Jan-2016 17:27:48 America/Denver] PHP Notice:  Undefined index: newcodes in /var/www/openemrTest/interface/forms/fee_sheet/new.php on line 1151
[22-Jan-2016 17:27:48 America/Denver] PHP Notice:  Undefined index: UCSMC in /var/www/openemrTest/interface/forms/fee_sheet/new.php on line 1308
