[17-Jan-2016 15:21:30 America/Denver] PHP Notice:  Undefined index: bn_save in /var/www/openemrTest/interface/forms/fee_sheet/new.php on line 460
[17-Jan-2016 15:21:30 America/Denver] PHP Notice:  Undefined index: bn_save_close in /var/www/openemrTest/interface/forms/fee_sheet/new.php on line 460
[17-Jan-2016 15:21:30 America/Denver] PHP Notice:  Undefined index: bill in /var/www/openemrTest/interface/forms/fee_sheet/new.php on line 700
[17-Jan-2016 15:21:30 America/Denver] PHP Notice:  Undefined offset: 1 in /var/www/openemrTest/interface/forms/fee_sheet/new.php on line 712
[17-Jan-2016 15:21:30 America/Denver] PHP Notice:  Undefined index: bn_search in /var/www/openemrTest/interface/forms/fee_sheet/new.php on line 920
[17-Jan-2016 15:21:30 America/Denver] PHP Notice:  Undefined index: bill in /var/www/openemrTest/interface/forms/fee_sheet/new.php on line 1083
[17-Jan-2016 15:21:30 America/Denver] PHP Notice:  Undefined index: prod in /var/www/openemrTest/interface/forms/fee_sheet/new.php on line 1138
[17-Jan-2016 15:21:30 America/Denver] PHP Notice:  Undefined offset: 1 in /var/www/openemrTest/interface/forms/fee_sheet/new.php on line 1181
[17-Jan-2016 15:21:30 America/Denver] PHP Notice:  Undefined index: UCSMC in /var/www/openemrTest/interface/forms/fee_sheet/new.php on line 1308
[17-Jan-2016 15:21:30 America/Denver] PHP Notice:  Undefined index: default_warehouse in /var/www/openemrTest/interface/forms/fee_sheet/new.php on line 464
[17-Jan-2016 15:21:30 America/Denver] PHP Notice:  Undefined index: del in /var/www/openemrTest/interface/forms/fee_sheet/new.php on line 476
[17-Jan-2016 15:21:30 America/Denver] PHP Notice:  Undefined index: id in /var/www/openemrTest/interface/forms/fee_sheet/new.php on line 481
[17-Jan-2016 15:21:30 America/Denver] PHP Notice:  Undefined index: ndcnum in /var/www/openemrTest/interface/forms/fee_sheet/new.php on line 533
[17-Jan-2016 15:21:30 America/Denver] PHP Notice:  Undefined offset: 2 in /var/www/openemrTest/interface/forms/fee_sheet/new.php on line 472
[17-Jan-2016 15:21:30 America/Denver] PHP Notice:  Undefined index: prod in /var/www/openemrTest/interface/forms/fee_sheet/new.php on line 571
[17-Jan-2016 15:21:30 America/Denver] PHP Notice:  Undefined index: bn_save_close in /var/www/openemrTest/interface/forms/fee_sheet/new.php on line 632
[17-Jan-2016 15:21:30 America/Denver] PHP Notice:  Undefined index: bill in /var/www/openemrTest/interface/forms/fee_sheet/new.php on line 700
[17-Jan-2016 15:21:30 America/Denver] PHP Notice:  Undefined index: bn_search in /var/www/openemrTest/interface/forms/fee_sheet/new.php on line 920
[17-Jan-2016 15:21:30 America/Denver] PHP Notice:  Undefined index: bill in /var/www/openemrTest/interface/forms/fee_sheet/new.php on line 1029
[17-Jan-2016 15:21:30 America/Denver] PHP Notice:  Undefined index: bill in /var/www/openemrTest/interface/forms/fee_sheet/new.php on line 1083
[17-Jan-2016 15:21:30 America/Denver] PHP Notice:  Undefined index: prod in /var/www/openemrTest/interface/forms/fee_sheet/new.php on line 1138
[17-Jan-2016 15:21:30 America/Denver] PHP Notice:  Undefined index: UCSMC in /var/www/openemrTest/interface/forms/fee_sheet/new.php on line 1308
[17-Jan-2016 15:21:40 America/Denver] PHP Notice:  Undefined index: bn_save in /var/www/openemrTest/interface/forms/fee_sheet/new.php on line 460
[17-Jan-2016 15:21:40 America/Denver] PHP Notice:  Undefined index: bn_save_close in /var/www/openemrTest/interface/forms/fee_sheet/new.php on line 460
[17-Jan-2016 15:21:40 America/Denver] PHP Notice:  Undefined index: del in /var/www/openemrTest/interface/forms/fee_sheet/new.php on line 702
[17-Jan-2016 15:21:40 America/Denver] PHP Notice:  Undefined offset: 1 in /var/www/openemrTest/interface/forms/fee_sheet/new.php on line 712
[17-Jan-2016 15:21:40 America/Denver] PHP Notice:  Undefined index: bn_search in /var/www/openemrTest/interface/forms/fee_sheet/new.php on line 920
[17-Jan-2016 15:21:40 America/Denver] PHP Notice:  Undefined index: del in /var/www/openemrTest/interface/forms/fee_sheet/new.php on line 1030
[17-Jan-2016 15:21:40 America/Denver] PHP Notice:  Undefined index: ndcnum in /var/www/openemrTest/interface/forms/fee_sheet/new.php on line 1049
[17-Jan-2016 15:21:40 America/Denver] PHP Notice:  Undefined index: prod in /var/www/openemrTest/interface/forms/fee_sheet/new.php on line 1138
[17-Jan-2016 15:21:40 America/Denver] PHP Notice:  Undefined offset: 1 in /var/www/openemrTest/interface/forms/fee_sheet/new.php on line 1181
[17-Jan-2016 15:21:40 America/Denver] PHP Notice:  Undefined index: UCSMC in /var/www/openemrTest/interface/forms/fee_sheet/new.php on line 1308
[17-Jan-2016 15:21:40 America/Denver] PHP Notice:  Undefined index: default_warehouse in /var/www/openemrTest/interface/forms/fee_sheet/new.php on line 464
[17-Jan-2016 15:21:40 America/Denver] PHP Notice:  Undefined index: del in /var/www/openemrTest/interface/forms/fee_sheet/new.php on line 476
[17-Jan-2016 15:21:40 America/Denver] PHP Notice:  Undefined index: ndcnum in /var/www/openemrTest/interface/forms/fee_sheet/new.php on line 533
[17-Jan-2016 15:21:40 America/Denver] PHP Notice:  Undefined index: del in /var/www/openemrTest/interface/forms/fee_sheet/new.php on line 476
[17-Jan-2016 15:21:40 America/Denver] PHP Notice:  Undefined index: id in /var/www/openemrTest/interface/forms/fee_sheet/new.php on line 481
[17-Jan-2016 15:21:40 America/Denver] PHP Notice:  Undefined index: ndcnum in /var/www/openemrTest/interface/forms/fee_sheet/new.php on line 533
[17-Jan-2016 15:21:40 America/Denver] PHP Notice:  Undefined offset: 3 in /var/www/openemrTest/interface/forms/fee_sheet/new.php on line 472
[17-Jan-2016 15:21:40 America/Denver] PHP Notice:  Undefined index: prod in /var/www/openemrTest/interface/forms/fee_sheet/new.php on line 571
[17-Jan-2016 15:21:40 America/Denver] PHP Notice:  Undefined index: bn_save_close in /var/www/openemrTest/interface/forms/fee_sheet/new.php on line 632
[17-Jan-2016 15:21:40 America/Denver] PHP Notice:  Undefined index: bill in /var/www/openemrTest/interface/forms/fee_sheet/new.php on line 700
[17-Jan-2016 15:21:40 America/Denver] PHP Notice:  Undefined index: bn_search in /var/www/openemrTest/interface/forms/fee_sheet/new.php on line 920
[17-Jan-2016 15:21:40 America/Denver] PHP Notice:  Undefined index: bill in /var/www/openemrTest/interface/forms/fee_sheet/new.php on line 1029
[17-Jan-2016 15:21:40 America/Denver] PHP Notice:  Undefined index: bill in /var/www/openemrTest/interface/forms/fee_sheet/new.php on line 1029
[17-Jan-2016 15:21:40 America/Denver] PHP Notice:  Undefined index: bill in /var/www/openemrTest/interface/forms/fee_sheet/new.php on line 1083
[17-Jan-2016 15:21:40 America/Denver] PHP Notice:  Undefined index: prod in /var/www/openemrTest/interface/forms/fee_sheet/new.php on line 1138
[17-Jan-2016 15:21:40 America/Denver] PHP Notice:  Undefined index: UCSMC in /var/www/openemrTest/interface/forms/fee_sheet/new.php on line 1308
[17-Jan-2016 15:21:47 America/Denver] PHP Notice:  Undefined index: default_warehouse in /var/www/openemrTest/interface/forms/fee_sheet/new.php on line 464
[17-Jan-2016 15:21:47 America/Denver] PHP Notice:  Undefined index: del in /var/www/openemrTest/interface/forms/fee_sheet/new.php on line 476
[17-Jan-2016 15:21:47 America/Denver] PHP Notice:  Undefined index: ndcnum in /var/www/openemrTest/interface/forms/fee_sheet/new.php on line 533
[17-Jan-2016 15:21:47 America/Denver] PHP Notice:  Undefined index: del in /var/www/openemrTest/interface/forms/fee_sheet/new.php on line 476
[17-Jan-2016 15:21:47 America/Denver] PHP Notice:  Undefined index: ndcnum in /var/www/openemrTest/interface/forms/fee_sheet/new.php on line 533
[17-Jan-2016 15:21:47 America/Denver] PHP Notice:  Undefined offset: 3 in /var/www/openemrTest/interface/forms/fee_sheet/new.php on line 472
[17-Jan-2016 15:21:47 America/Denver] PHP Notice:  Undefined index: prod in /var/www/openemrTest/interface/forms/fee_sheet/new.php on line 571
[17-Jan-2016 15:21:47 America/Denver] PHP Notice:  Undefined index: bn_save_close in /var/www/openemrTest/interface/forms/fee_sheet/new.php on line 632
[17-Jan-2016 15:21:47 America/Denver] PHP Notice:  Undefined index: running_as_ajax in /var/www/openemrTest/interface/forms/fee_sheet/new.php on line 663
[22-Jan-2016 17:27:51 America/Denver] PHP Notice:  Undefined index: bn_save in /var/www/openemrTest/interface/forms/fee_sheet/new.php on line 460
[22-Jan-2016 17:27:51 America/Denver] PHP Notice:  Undefined index: bn_save_close in /var/www/openemrTest/interface/forms/fee_sheet/new.php on line 460
[22-Jan-2016 17:27:51 America/Denver] PHP Notice:  Undefined index: bill in /var/www/openemrTest/interface/forms/fee_sheet/new.php on line 700
[22-Jan-2016 17:27:51 America/Denver] PHP Notice:  Undefined offset: 1 in /var/www/openemrTest/interface/forms/fee_sheet/new.php on line 712
[22-Jan-2016 17:27:51 America/Denver] PHP Notice:  Undefined index: bn_search in /var/www/openemrTest/interface/forms/fee_sheet/new.php on line 920
[22-Jan-2016 17:27:51 America/Denver] PHP Notice:  Undefined index: bill in /var/www/openemrTest/interface/forms/fee_sheet/new.php on line 1083
[22-Jan-2016 17:27:51 America/Denver] PHP Notice:  Undefined index: prod in /var/www/openemrTest/interface/forms/fee_sheet/new.php on line 1138
[22-Jan-2016 17:27:51 America/Denver] PHP Notice:  Undefined offset: 1 in /var/www/openemrTest/interface/forms/fee_sheet/new.php on line 1181
[22-Jan-2016 17:27:51 America/Denver] PHP Notice:  Undefined index: UCSMC in /var/www/openemrTest/interface/forms/fee_sheet/new.php on line 1308
[22-Jan-2016 17:27:51 America/Denver] PHP Notice:  Undefined index: default_warehouse in /var/www/openemrTest/interface/forms/fee_sheet/new.php on line 464
[22-Jan-2016 17:27:51 America/Denver] PHP Notice:  Undefined index: del in /var/www/openemrTest/interface/forms/fee_sheet/new.php on line 476
[22-Jan-2016 17:27:51 America/Denver] PHP Notice:  Undefined index: id in /var/www/openemrTest/interface/forms/fee_sheet/new.php on line 481
[22-Jan-2016 17:27:51 America/Denver] PHP Notice:  Undefined index: ndcnum in /var/www/openemrTest/interface/forms/fee_sheet/new.php on line 533
[22-Jan-2016 17:27:51 America/Denver] PHP Notice:  Undefined offset: 2 in /var/www/openemrTest/interface/forms/fee_sheet/new.php on line 472
[22-Jan-2016 17:27:51 America/Denver] PHP Notice:  Undefined index: prod in /var/www/openemrTest/interface/forms/fee_sheet/new.php on line 571
[22-Jan-2016 17:27:51 America/Denver] PHP Notice:  Undefined index: bn_save_close in /var/www/openemrTest/interface/forms/fee_sheet/new.php on line 632
[22-Jan-2016 17:27:51 America/Denver] PHP Notice:  Undefined index: bill in /var/www/openemrTest/interface/forms/fee_sheet/new.php on line 700
[22-Jan-2016 17:27:51 America/Denver] PHP Notice:  Undefined index: bn_search in /var/www/openemrTest/interface/forms/fee_sheet/new.php on line 920
[22-Jan-2016 17:27:51 America/Denver] PHP Notice:  Undefined index: bill in /var/www/openemrTest/interface/forms/fee_sheet/new.php on line 1029
[22-Jan-2016 17:27:51 America/Denver] PHP Notice:  Undefined index: bill in /var/www/openemrTest/interface/forms/fee_sheet/new.php on line 1083
[22-Jan-2016 17:27:51 America/Denver] PHP Notice:  Undefined index: prod in /var/www/openemrTest/interface/forms/fee_sheet/new.php on line 1138
[22-Jan-2016 17:27:51 America/Denver] PHP Notice:  Undefined index: UCSMC in /var/www/openemrTest/interface/forms/fee_sheet/new.php on line 1308
[22-Jan-2016 17:27:55 America/Denver] PHP Notice:  Undefined index: default_warehouse in /var/www/openemrTest/interface/forms/fee_sheet/new.php on line 464
[22-Jan-2016 17:27:55 America/Denver] PHP Notice:  Undefined index: del in /var/www/openemrTest/interface/forms/fee_sheet/new.php on line 476
[22-Jan-2016 17:27:55 America/Denver] PHP Notice:  Undefined index: ndcnum in /var/www/openemrTest/interface/forms/fee_sheet/new.php on line 533
[22-Jan-2016 17:27:55 America/Denver] PHP Notice:  Undefined offset: 2 in /var/www/openemrTest/interface/forms/fee_sheet/new.php on line 472
[22-Jan-2016 17:27:55 America/Denver] PHP Notice:  Undefined index: prod in /var/www/openemrTest/interface/forms/fee_sheet/new.php on line 571
[22-Jan-2016 17:27:55 America/Denver] PHP Notice:  Undefined index: bn_save_close in /var/www/openemrTest/interface/forms/fee_sheet/new.php on line 632
[22-Jan-2016 17:27:55 America/Denver] PHP Notice:  Undefined index: running_as_ajax in /var/www/openemrTest/interface/forms/fee_sheet/new.php on line 663
