[05-Mar-2018 13:06:05 America/Denver] PHP Warning:  mysqli_real_connect(): (28000/1045): Access denied for user 'openemr'@'localhost' (using password: YES) in /var/www/openemr/vendor/adodb/adodb-php/drivers/adodb-mysqli.inc.php on line 123
[05-Mar-2018 13:06:05 America/Denver] PHP custom error: from openemr library/sql.inc  - Unable to set up UTF8 encoding with mysql database: Access denied for user 'openemr'@'localhost' (using password: YES)
[05-Mar-2018 13:06:05 America/Denver] Unable to set strict sql setting: Access denied for user 'openemr'@'localhost' (using password: YES)
[05-Mar-2018 13:06:05 America/Denver] PHP Fatal error:  Call to undefined function text() in /var/www/openemr/library/sql.inc on line 517
[05-Mar-2018 13:06:10 America/Denver] PHP Warning:  mysqli_real_connect(): (28000/1045): Access denied for user 'openemr'@'localhost' (using password: YES) in /var/www/openemr/vendor/adodb/adodb-php/drivers/adodb-mysqli.inc.php on line 123
[05-Mar-2018 13:06:10 America/Denver] PHP custom error: from openemr library/sql.inc  - Unable to set up UTF8 encoding with mysql database: Access denied for user 'openemr'@'localhost' (using password: YES)
[05-Mar-2018 13:06:10 America/Denver] Unable to set strict sql setting: Access denied for user 'openemr'@'localhost' (using password: YES)
[05-Mar-2018 13:06:10 America/Denver] PHP Fatal error:  Call to undefined function text() in /var/www/openemr/library/sql.inc on line 517
[10-Apr-2018 10:56:01 America/Denver] PHP Warning:  mysqli_real_connect(): (28000/1045): Access denied for user 'openemr'@'localhost' (using password: YES) in /var/www/openemr/vendor/adodb/adodb-php/drivers/adodb-mysqli.inc.php on line 123
[10-Apr-2018 10:56:01 America/Denver] PHP custom error: from openemr library/sql.inc  - Unable to set up UTF8 encoding with mysql database: Access denied for user 'openemr'@'localhost' (using password: YES)
[10-Apr-2018 10:56:01 America/Denver] Unable to set strict sql setting: Access denied for user 'openemr'@'localhost' (using password: YES)
[10-Apr-2018 10:56:01 America/Denver] PHP Fatal error:  Call to undefined function text() in /var/www/openemr/library/sql.inc on line 517
[10-Apr-2018 10:56:11 America/Denver] PHP Warning:  mysqli_real_connect(): (28000/1045): Access denied for user 'openemr'@'localhost' (using password: YES) in /var/www/openemr/vendor/adodb/adodb-php/drivers/adodb-mysqli.inc.php on line 123
[10-Apr-2018 10:56:11 America/Denver] PHP custom error: from openemr library/sql.inc  - Unable to set up UTF8 encoding with mysql database: Access denied for user 'openemr'@'localhost' (using password: YES)
[10-Apr-2018 10:56:11 America/Denver] Unable to set strict sql setting: Access denied for user 'openemr'@'localhost' (using password: YES)
[10-Apr-2018 10:56:11 America/Denver] PHP Fatal error:  Call to undefined function text() in /var/www/openemr/library/sql.inc on line 517
[10-Apr-2018 10:56:57 America/Denver] PHP Warning:  mysqli_real_connect(): (28000/1045): Access denied for user 'openemr'@'localhost' (using password: YES) in /var/www/openemr/vendor/adodb/adodb-php/drivers/adodb-mysqli.inc.php on line 123
[10-Apr-2018 10:56:57 America/Denver] PHP custom error: from openemr library/sql.inc  - Unable to set up UTF8 encoding with mysql database: Access denied for user 'openemr'@'localhost' (using password: YES)
[10-Apr-2018 10:56:57 America/Denver] Unable to set strict sql setting: Access denied for user 'openemr'@'localhost' (using password: YES)
[10-Apr-2018 10:56:57 America/Denver] PHP Fatal error:  Call to undefined function text() in /var/www/openemr/library/sql.inc on line 517
[12-Apr-2018 11:38:23 America/Denver] PHP Warning:  mysqli_real_connect(): (28000/1045): Access denied for user 'openemr'@'localhost' (using password: YES) in /var/www/openemr/vendor/adodb/adodb-php/drivers/adodb-mysqli.inc.php on line 123
[12-Apr-2018 11:38:23 America/Denver] PHP custom error: from openemr library/sql.inc  - Unable to set up UTF8 encoding with mysql database: Access denied for user 'openemr'@'localhost' (using password: YES)
[12-Apr-2018 11:38:23 America/Denver] Unable to set strict sql setting: Access denied for user 'openemr'@'localhost' (using password: YES)
[12-Apr-2018 11:38:23 America/Denver] PHP Fatal error:  Call to undefined function text() in /var/www/openemr/library/sql.inc on line 517
[12-Apr-2018 11:38:42 America/Denver] PHP Warning:  mysqli_real_connect(): (28000/1045): Access denied for user 'openemr'@'localhost' (using password: YES) in /var/www/openemr/vendor/adodb/adodb-php/drivers/adodb-mysqli.inc.php on line 123
[12-Apr-2018 11:38:42 America/Denver] PHP custom error: from openemr library/sql.inc  - Unable to set up UTF8 encoding with mysql database: Access denied for user 'openemr'@'localhost' (using password: YES)
[12-Apr-2018 11:38:42 America/Denver] Unable to set strict sql setting: Access denied for user 'openemr'@'localhost' (using password: YES)
[12-Apr-2018 11:38:42 America/Denver] PHP Fatal error:  Call to undefined function text() in /var/www/openemr/library/sql.inc on line 517
[12-Apr-2018 11:38:44 America/Denver] PHP Warning:  mysqli_real_connect(): (28000/1045): Access denied for user 'openemr'@'localhost' (using password: YES) in /var/www/openemr/vendor/adodb/adodb-php/drivers/adodb-mysqli.inc.php on line 123
[12-Apr-2018 11:38:44 America/Denver] PHP custom error: from openemr library/sql.inc  - Unable to set up UTF8 encoding with mysql database: Access denied for user 'openemr'@'localhost' (using password: YES)
[12-Apr-2018 11:38:44 America/Denver] Unable to set strict sql setting: Access denied for user 'openemr'@'localhost' (using password: YES)
[12-Apr-2018 11:38:44 America/Denver] PHP Fatal error:  Call to undefined function text() in /var/www/openemr/library/sql.inc on line 517
[12-Apr-2018 11:39:02 America/Denver] PHP Warning:  mysqli_real_connect(): (28000/1045): Access denied for user 'openemr'@'localhost' (using password: YES) in /var/www/openemr/vendor/adodb/adodb-php/drivers/adodb-mysqli.inc.php on line 123
[12-Apr-2018 11:39:02 America/Denver] PHP custom error: from openemr library/sql.inc  - Unable to set up UTF8 encoding with mysql database: Access denied for user 'openemr'@'localhost' (using password: YES)
[12-Apr-2018 11:39:02 America/Denver] Unable to set strict sql setting: Access denied for user 'openemr'@'localhost' (using password: YES)
[12-Apr-2018 11:39:02 America/Denver] PHP Fatal error:  Call to undefined function text() in /var/www/openemr/library/sql.inc on line 517
[12-Apr-2018 11:39:14 America/Denver] PHP Warning:  mysqli_real_connect(): (28000/1045): Access denied for user 'openemr'@'localhost' (using password: YES) in /var/www/openemr/vendor/adodb/adodb-php/drivers/adodb-mysqli.inc.php on line 123
[12-Apr-2018 11:39:14 America/Denver] PHP custom error: from openemr library/sql.inc  - Unable to set up UTF8 encoding with mysql database: Access denied for user 'openemr'@'localhost' (using password: YES)
[12-Apr-2018 11:39:14 America/Denver] Unable to set strict sql setting: Access denied for user 'openemr'@'localhost' (using password: YES)
[12-Apr-2018 11:39:14 America/Denver] PHP Fatal error:  Call to undefined function text() in /var/www/openemr/library/sql.inc on line 517
[12-Apr-2018 11:39:43 America/Denver] PHP Warning:  mysqli_real_connect(): (28000/1045): Access denied for user 'openemr'@'localhost' (using password: YES) in /var/www/openemr/vendor/adodb/adodb-php/drivers/adodb-mysqli.inc.php on line 123
[12-Apr-2018 11:39:43 America/Denver] PHP custom error: from openemr library/sql.inc  - Unable to set up UTF8 encoding with mysql database: Access denied for user 'openemr'@'localhost' (using password: YES)
[12-Apr-2018 11:39:43 America/Denver] Unable to set strict sql setting: Access denied for user 'openemr'@'localhost' (using password: YES)
[12-Apr-2018 11:39:43 America/Denver] PHP Fatal error:  Call to undefined function text() in /var/www/openemr/library/sql.inc on line 517
[12-Apr-2018 11:44:33 America/Denver] PHP Warning:  mysqli_real_connect(): (28000/1045): Access denied for user 'openemr'@'localhost' (using password: YES) in /var/www/openemr/vendor/adodb/adodb-php/drivers/adodb-mysqli.inc.php on line 123
[12-Apr-2018 11:44:33 America/Denver] PHP custom error: from openemr library/sql.inc  - Unable to set up UTF8 encoding with mysql database: Access denied for user 'openemr'@'localhost' (using password: YES)
[12-Apr-2018 11:44:33 America/Denver] Unable to set strict sql setting: Access denied for user 'openemr'@'localhost' (using password: YES)
[12-Apr-2018 11:44:33 America/Denver] PHP Fatal error:  Call to undefined function text() in /var/www/openemr/library/sql.inc on line 517
[12-Apr-2018 11:44:35 America/Denver] PHP Warning:  mysqli_real_connect(): (28000/1045): Access denied for user 'openemr'@'localhost' (using password: YES) in /var/www/openemr/vendor/adodb/adodb-php/drivers/adodb-mysqli.inc.php on line 123
[12-Apr-2018 11:44:35 America/Denver] PHP custom error: from openemr library/sql.inc  - Unable to set up UTF8 encoding with mysql database: Access denied for user 'openemr'@'localhost' (using password: YES)
[12-Apr-2018 11:44:35 America/Denver] Unable to set strict sql setting: Access denied for user 'openemr'@'localhost' (using password: YES)
[12-Apr-2018 11:44:35 America/Denver] PHP Fatal error:  Call to undefined function text() in /var/www/openemr/library/sql.inc on line 517
[13-Apr-2018 09:08:53 America/Denver] PHP Warning:  mysqli_real_connect(): (28000/1045): Access denied for user 'openemr'@'localhost' (using password: YES) in /var/www/openemr/vendor/adodb/adodb-php/drivers/adodb-mysqli.inc.php on line 123
[13-Apr-2018 09:08:53 America/Denver] PHP custom error: from openemr library/sql.inc  - Unable to set up UTF8 encoding with mysql database: Access denied for user 'openemr'@'localhost' (using password: YES)
[13-Apr-2018 09:08:53 America/Denver] Unable to set strict sql setting: Access denied for user 'openemr'@'localhost' (using password: YES)
[13-Apr-2018 09:08:53 America/Denver] PHP Fatal error:  Call to undefined function text() in /var/www/openemr/library/sql.inc on line 517
[13-Apr-2018 09:08:57 America/Denver] PHP Warning:  mysqli_real_connect(): (28000/1045): Access denied for user 'openemr'@'localhost' (using password: YES) in /var/www/openemr/vendor/adodb/adodb-php/drivers/adodb-mysqli.inc.php on line 123
[13-Apr-2018 09:08:57 America/Denver] PHP custom error: from openemr library/sql.inc  - Unable to set up UTF8 encoding with mysql database: Access denied for user 'openemr'@'localhost' (using password: YES)
[13-Apr-2018 09:08:57 America/Denver] Unable to set strict sql setting: Access denied for user 'openemr'@'localhost' (using password: YES)
[13-Apr-2018 09:08:57 America/Denver] PHP Fatal error:  Call to undefined function text() in /var/www/openemr/library/sql.inc on line 517
[21-Apr-2018 15:19:31 America/Denver] PHP Warning:  mysqli_real_connect(): (28000/1045): Access denied for user 'openemr'@'localhost' (using password: YES) in /var/www/openemr/vendor/adodb/adodb-php/drivers/adodb-mysqli.inc.php on line 123
[21-Apr-2018 15:19:31 America/Denver] PHP custom error: from openemr library/sql.inc  - Unable to set up UTF8 encoding with mysql database: Access denied for user 'openemr'@'localhost' (using password: YES)
[21-Apr-2018 15:19:31 America/Denver] Unable to set strict sql setting: Access denied for user 'openemr'@'localhost' (using password: YES)
[21-Apr-2018 15:19:31 America/Denver] PHP Fatal error:  Call to undefined function text() in /var/www/openemr/library/sql.inc on line 517
[01-May-2018 15:01:16 America/Denver] PHP Warning:  mysqli_real_connect(): (28000/1045): Access denied for user 'openemr'@'localhost' (using password: YES) in /var/www/openemr/vendor/adodb/adodb-php/drivers/adodb-mysqli.inc.php on line 123
[01-May-2018 15:01:16 America/Denver] PHP custom error: from openemr library/sql.inc  - Unable to set up UTF8 encoding with mysql database: Access denied for user 'openemr'@'localhost' (using password: YES)
[01-May-2018 15:01:16 America/Denver] Unable to set strict sql setting: Access denied for user 'openemr'@'localhost' (using password: YES)
[01-May-2018 15:01:16 America/Denver] PHP Fatal error:  Call to undefined function text() in /var/www/openemr/library/sql.inc on line 517
[01-May-2018 15:01:18 America/Denver] PHP Warning:  mysqli_real_connect(): (28000/1045): Access denied for user 'openemr'@'localhost' (using password: YES) in /var/www/openemr/vendor/adodb/adodb-php/drivers/adodb-mysqli.inc.php on line 123
[01-May-2018 15:01:18 America/Denver] PHP custom error: from openemr library/sql.inc  - Unable to set up UTF8 encoding with mysql database: Access denied for user 'openemr'@'localhost' (using password: YES)
[01-May-2018 15:01:18 America/Denver] Unable to set strict sql setting: Access denied for user 'openemr'@'localhost' (using password: YES)
[01-May-2018 15:01:18 America/Denver] PHP Fatal error:  Call to undefined function text() in /var/www/openemr/library/sql.inc on line 517
[01-May-2018 15:05:47 America/Denver] PHP Warning:  mysqli_real_connect(): (28000/1045): Access denied for user 'openemr'@'localhost' (using password: YES) in /var/www/openemr/vendor/adodb/adodb-php/drivers/adodb-mysqli.inc.php on line 123
[01-May-2018 15:05:47 America/Denver] PHP custom error: from openemr library/sql.inc  - Unable to set up UTF8 encoding with mysql database: Access denied for user 'openemr'@'localhost' (using password: YES)
[01-May-2018 15:05:47 America/Denver] Unable to set strict sql setting: Access denied for user 'openemr'@'localhost' (using password: YES)
[01-May-2018 15:05:47 America/Denver] PHP Fatal error:  Call to undefined function text() in /var/www/openemr/library/sql.inc on line 517
[01-May-2018 15:05:55 America/Denver] PHP Warning:  mysqli_real_connect(): (28000/1045): Access denied for user 'openemr'@'localhost' (using password: YES) in /var/www/openemr/vendor/adodb/adodb-php/drivers/adodb-mysqli.inc.php on line 123
[01-May-2018 15:05:55 America/Denver] PHP custom error: from openemr library/sql.inc  - Unable to set up UTF8 encoding with mysql database: Access denied for user 'openemr'@'localhost' (using password: YES)
[01-May-2018 15:05:55 America/Denver] Unable to set strict sql setting: Access denied for user 'openemr'@'localhost' (using password: YES)
[01-May-2018 15:05:55 America/Denver] PHP Fatal error:  Call to undefined function text() in /var/www/openemr/library/sql.inc on line 517
[01-May-2018 15:05:56 America/Denver] PHP Warning:  mysqli_real_connect(): (28000/1045): Access denied for user 'openemr'@'localhost' (using password: YES) in /var/www/openemr/vendor/adodb/adodb-php/drivers/adodb-mysqli.inc.php on line 123
[01-May-2018 15:05:56 America/Denver] PHP custom error: from openemr library/sql.inc  - Unable to set up UTF8 encoding with mysql database: Access denied for user 'openemr'@'localhost' (using password: YES)
[01-May-2018 15:05:56 America/Denver] Unable to set strict sql setting: Access denied for user 'openemr'@'localhost' (using password: YES)
[01-May-2018 15:05:56 America/Denver] PHP Fatal error:  Call to undefined function text() in /var/www/openemr/library/sql.inc on line 517
[01-May-2018 15:06:50 America/Denver] PHP Warning:  mysqli_real_connect(): (28000/1045): Access denied for user 'openemr'@'localhost' (using password: YES) in /var/www/openemr/vendor/adodb/adodb-php/drivers/adodb-mysqli.inc.php on line 123
[01-May-2018 15:06:50 America/Denver] PHP custom error: from openemr library/sql.inc  - Unable to set up UTF8 encoding with mysql database: Access denied for user 'openemr'@'localhost' (using password: YES)
[01-May-2018 15:06:50 America/Denver] Unable to set strict sql setting: Access denied for user 'openemr'@'localhost' (using password: YES)
[01-May-2018 15:06:50 America/Denver] PHP Fatal error:  Call to undefined function text() in /var/www/openemr/library/sql.inc on line 517
[01-May-2018 15:24:18 America/Denver] PHP Warning:  mysqli_real_connect(): (28000/1045): Access denied for user 'openemr'@'localhost' (using password: YES) in /var/www/openemr/vendor/adodb/adodb-php/drivers/adodb-mysqli.inc.php on line 123
[01-May-2018 15:24:18 America/Denver] PHP custom error: from openemr library/sql.inc  - Unable to set up UTF8 encoding with mysql database: Access denied for user 'openemr'@'localhost' (using password: YES)
[01-May-2018 15:24:18 America/Denver] Unable to set strict sql setting: Access denied for user 'openemr'@'localhost' (using password: YES)
[01-May-2018 15:24:18 America/Denver] PHP Fatal error:  Call to undefined function text() in /var/www/openemr/library/sql.inc on line 517
[06-May-2018 21:21:36 America/Denver] PHP Warning:  mysqli_real_connect(): (28000/1045): Access denied for user 'openemr'@'localhost' (using password: YES) in /var/www/openemr/vendor/adodb/adodb-php/drivers/adodb-mysqli.inc.php on line 123
[06-May-2018 21:21:36 America/Denver] PHP custom error: from openemr library/sql.inc  - Unable to set up UTF8 encoding with mysql database: Access denied for user 'openemr'@'localhost' (using password: YES)
[06-May-2018 21:21:36 America/Denver] Unable to set strict sql setting: Access denied for user 'openemr'@'localhost' (using password: YES)
[06-May-2018 21:21:36 America/Denver] PHP Fatal error:  Call to undefined function text() in /var/www/openemr/library/sql.inc on line 517
[17-May-2018 14:51:46 America/Denver] PHP Warning:  mysqli_real_connect(): (28000/1045): Access denied for user 'openemr'@'localhost' (using password: YES) in /var/www/openemr/vendor/adodb/adodb-php/drivers/adodb-mysqli.inc.php on line 123
[17-May-2018 14:51:46 America/Denver] PHP custom error: from openemr library/sql.inc  - Unable to set up UTF8 encoding with mysql database: Access denied for user 'openemr'@'localhost' (using password: YES)
[17-May-2018 14:51:46 America/Denver] Unable to set strict sql setting: Access denied for user 'openemr'@'localhost' (using password: YES)
[17-May-2018 14:51:46 America/Denver] PHP Fatal error:  Call to undefined function text() in /var/www/openemr/library/sql.inc on line 517
[01-Jun-2018 13:29:26 America/Denver] PHP Warning:  mysqli_real_connect(): (28000/1045): Access denied for user 'openemr'@'localhost' (using password: YES) in /var/www/openemr/vendor/adodb/adodb-php/drivers/adodb-mysqli.inc.php on line 123
[01-Jun-2018 13:29:26 America/Denver] PHP custom error: from openemr library/sql.inc  - Unable to set up UTF8 encoding with mysql database: Access denied for user 'openemr'@'localhost' (using password: YES)
[01-Jun-2018 13:29:26 America/Denver] Unable to set strict sql setting: Access denied for user 'openemr'@'localhost' (using password: YES)
[01-Jun-2018 13:29:26 America/Denver] PHP Fatal error:  Call to undefined function text() in /var/www/openemr/library/sql.inc on line 517
[03-Jun-2018 21:27:03 America/Denver] PHP Warning:  mysqli_real_connect(): (28000/1045): Access denied for user 'openemr'@'localhost' (using password: YES) in /var/www/openemr/vendor/adodb/adodb-php/drivers/adodb-mysqli.inc.php on line 123
[03-Jun-2018 21:27:03 America/Denver] PHP custom error: from openemr library/sql.inc  - Unable to set up UTF8 encoding with mysql database: Access denied for user 'openemr'@'localhost' (using password: YES)
[03-Jun-2018 21:27:03 America/Denver] Unable to set strict sql setting: Access denied for user 'openemr'@'localhost' (using password: YES)
[03-Jun-2018 21:27:03 America/Denver] PHP Fatal error:  Call to undefined function text() in /var/www/openemr/library/sql.inc on line 517
