[17-Jan-2016 15:21:04 America/Denver] PHP Notice:  Undefined variable: newcrop_user_role in /var/www/openemrTest/interface/main/left_nav.php on line 1458
[22-Jan-2016 16:36:24 America/Denver] PHP Notice:  Undefined variable: newcrop_user_role in /var/www/openemrTest/interface/main/left_nav.php on line 1458
[22-Jan-2016 16:44:32 America/Denver] PHP Notice:  Undefined variable: newcrop_user_role in /var/www/openemrTest/interface/main/left_nav.php on line 1458
[22-Jan-2016 16:50:42 America/Denver] PHP Notice:  Undefined variable: newcrop_user_role in /var/www/openemrTest/interface/main/left_nav.php on line 1458
[22-Jan-2016 17:25:56 America/Denver] PHP Notice:  Undefined variable: newcrop_user_role in /var/www/openemrTest/interface/main/left_nav.php on line 1458
[22-Jan-2016 17:27:10 America/Denver] PHP Notice:  Undefined variable: newcrop_user_role in /var/www/openemrTest/interface/main/left_nav.php on line 1458
[22-Jan-2016 17:36:13 America/Denver] PHP Notice:  Undefined variable: newcrop_user_role in /var/www/openemrTest/interface/main/left_nav.php on line 1458
[22-Jan-2016 21:06:47 America/Denver] PHP Notice:  Undefined variable: _SESSIOM in /var/www/openemrTest/interface/main/main_title.php on line 74
[22-Jan-2016 21:06:47 America/Denver] PHP Notice:  Undefined variable: newcrop_user_role in /var/www/openemrTest/interface/main/left_nav.php on line 1458
[22-Jan-2016 21:07:08 America/Denver] PHP Notice:  Undefined variable: _SESSIOM in /var/www/openemrTest/interface/main/main_title.php on line 74
[22-Jan-2016 21:07:08 America/Denver] PHP Notice:  Undefined variable: newcrop_user_role in /var/www/openemrTest/interface/main/left_nav.php on line 1458
[22-Jan-2016 21:07:38 America/Denver] PHP Notice:  Undefined variable: newcrop_user_role in /var/www/openemrTest/interface/main/left_nav.php on line 1458
[22-Jan-2016 21:07:38 America/Denver] PHP Notice:  Array to string conversion in /var/www/openemrTest/interface/main/main_title.php on line 74
[22-Jan-2016 21:09:14 America/Denver] PHP Notice:  Undefined variable: newcrop_user_role in /var/www/openemrTest/interface/main/left_nav.php on line 1458
[22-Jan-2016 21:09:23 America/Denver] PHP Notice:  Undefined variable: newcrop_user_role in /var/www/openemrTest/interface/main/left_nav.php on line 1458
[22-Jan-2016 21:10:02 America/Denver] PHP Notice:  Undefined variable: newcrop_user_role in /var/www/openemrTest/interface/main/left_nav.php on line 1458
[22-Jan-2016 21:10:54 America/Denver] PHP Notice:  Undefined variable: newcrop_user_role in /var/www/openemrTest/interface/main/left_nav.php on line 1458
[22-Jan-2016 21:13:24 America/Denver] PHP Notice:  Undefined variable: newcrop_user_role in /var/www/openemrTest/interface/main/left_nav.php on line 1458
[22-Jan-2016 21:14:26 America/Denver] PHP Notice:  Undefined variable: newcrop_user_role in /var/www/openemrTest/interface/main/left_nav.php on line 1458
[23-Jan-2016 09:19:39 America/Denver] PHP Notice:  Undefined variable: newcrop_user_role in /var/www/openemrTest/interface/main/left_nav.php on line 1458
[23-Jan-2016 09:33:03 America/Denver] PHP Notice:  Undefined variable: newcrop_user_role in /var/www/openemrTest/interface/main/left_nav.php on line 1458
[23-Jan-2016 09:41:35 America/Denver] PHP Notice:  Undefined variable: newcrop_user_role in /var/www/openemrTest/interface/main/left_nav.php on line 1458
[23-Jan-2016 09:42:24 America/Denver] PHP Notice:  Undefined variable: newcrop_user_role in /var/www/openemrTest/interface/main/left_nav.php on line 1458
[23-Jan-2016 09:43:22 America/Denver] PHP Notice:  Undefined variable: newcrop_user_role in /var/www/openemrTest/interface/main/left_nav.php on line 1458
[23-Jan-2016 09:44:23 America/Denver] PHP Notice:  Undefined variable: newcrop_user_role in /var/www/openemrTest/interface/main/left_nav.php on line 1458
[23-Jan-2016 10:24:08 America/Denver] PHP Notice:  Undefined variable: newcrop_user_role in /var/www/openemrTest/interface/main/left_nav.php on line 1458
[23-Jan-2016 10:42:53 America/Denver] PHP Notice:  Undefined variable: newcrop_user_role in /var/www/openemrTest/interface/main/left_nav.php on line 1458
[23-Jan-2016 10:49:25 America/Denver] PHP Notice:  Undefined variable: newcrop_user_role in /var/www/openemrTest/interface/main/left_nav.php on line 1458
[23-Jan-2016 10:51:00 America/Denver] PHP Notice:  Undefined variable: newcrop_user_role in /var/www/openemrTest/interface/main/left_nav.php on line 1458
[23-Jan-2016 10:51:26 America/Denver] PHP Notice:  Undefined variable: newcrop_user_role in /var/www/openemrTest/interface/main/left_nav.php on line 1458
[23-Jan-2016 15:45:07 America/Denver] PHP Notice:  Undefined variable: newcrop_user_role in /var/www/openemrTest/interface/main/left_nav.php on line 1458
[23-Jan-2016 16:32:35 America/Denver] PHP Notice:  Undefined variable: newcrop_user_role in /var/www/openemrTest/interface/main/left_nav.php on line 1458
[23-Jan-2016 16:33:11 America/Denver] PHP Notice:  Undefined variable: newcrop_user_role in /var/www/openemrTest/interface/main/left_nav.php on line 1458
[23-Jan-2016 16:33:35 America/Denver] PHP Notice:  Undefined variable: newcrop_user_role in /var/www/openemrTest/interface/main/left_nav.php on line 1458
[23-Jan-2016 16:35:10 America/Denver] PHP Notice:  Undefined variable: newcrop_user_role in /var/www/openemrTest/interface/main/left_nav.php on line 1458
[23-Jan-2016 16:35:25 America/Denver] PHP Notice:  Undefined variable: newcrop_user_role in /var/www/openemrTest/interface/main/left_nav.php on line 1458
[23-Jan-2016 16:42:49 America/Denver] PHP Notice:  Undefined variable: newcrop_user_role in /var/www/openemrTest/interface/main/left_nav.php on line 1458
[23-Jan-2016 16:43:40 America/Denver] PHP Notice:  Undefined variable: newcrop_user_role in /var/www/openemrTest/interface/main/left_nav.php on line 1458
[23-Jan-2016 17:34:15 America/Denver] PHP Notice:  Undefined variable: newcrop_user_role in /var/www/openemrTest/interface/main/left_nav.php on line 1458
[23-Jan-2016 17:34:56 America/Denver] PHP Notice:  Undefined variable: newcrop_user_role in /var/www/openemrTest/interface/main/left_nav.php on line 1458
[23-Jan-2016 17:36:12 America/Denver] PHP Notice:  Undefined variable: newcrop_user_role in /var/www/openemrTest/interface/main/left_nav.php on line 1458
[23-Jan-2016 17:37:15 America/Denver] PHP Notice:  Undefined variable: newcrop_user_role in /var/www/openemrTest/interface/main/left_nav.php on line 1458
[23-Jan-2016 17:40:01 America/Denver] PHP Notice:  Undefined variable: newcrop_user_role in /var/www/openemrTest/interface/main/left_nav.php on line 1458
[16-Jun-2018 16:48:37 America/Denver] PHP Notice:  Undefined variable: key in /var/www/openemrTest/interface/main/left_nav.php on line 703
[16-Jun-2018 16:48:38 America/Denver] PHP Notice:  Undefined variable: key in /var/www/openemrTest/interface/main/left_nav.php on line 705
[16-Jun-2018 16:48:38 America/Denver] PHP Notice:  Undefined variable: key in /var/www/openemrTest/interface/main/left_nav.php on line 708
[16-Jun-2018 16:48:38 America/Denver] PHP Notice:  Undefined variable: value in /var/www/openemrTest/interface/main/left_nav.php on line 710
[16-Jun-2018 16:48:38 America/Denver] PHP Notice:  Undefined variable: key in /var/www/openemrTest/interface/main/left_nav.php on line 712
[16-Jun-2018 16:48:38 America/Denver] PHP Notice:  Undefined variable: newcrop_user_role in /var/www/openemrTest/interface/main/left_nav.php on line 1239
